<?xml version="1.0" encoding="UTF-8"?>
<!-- Generated by org.testng.reporters.JUnitReportReporter -->
<testsuite hostname="thu-alkfl" failures="0" tests="4" name="FirstClass" time="١٠.٤٠٣" errors="0" timestamp="٢٠٢٥-٠٤-١٥T١٧:٠٢:٤٠ EET" skipped="0">
  <testcase classname="FirstClass" name="login" time="٣.١٨٧"/>
  <testcase classname="FirstClass" name="addRandomItemToTheCart" time="٠.٠٤٧"/>
  <testcase classname="FirstClass" name="removeTheItemFromTheCart" time="٣.٠٤٢"/>
  <testcase classname="FirstClass" name="logout" time="٤.١٢٧"/>
</testsuite> <!-- FirstClass -->
