<?xml version="1.0" encoding="UTF-8"?>
<!-- Generated by org.testng.reporters.JUnitReportReporter -->
<testsuite hostname="thu-alkfl" failures="0" tests="3" name="SecondTest" time="١٠.٨٩١" errors="0" timestamp="٢٠٢٥-٠٤-١٥T١٧:٣٦:٣٣ EET" skipped="0">
  <testcase classname="SecondTest" name="login" time="٣.٠٤٤"/>
  <testcase classname="SecondTest" name="navigateToPIM" time="٤.٦٤٩"/>
  <testcase classname="SecondTest" name="addNewEmployee" time="٣.١٩٨"/>
</testsuite> <!-- SecondTest -->
