<?xml version="1.0" encoding="UTF-8"?>
<!-- Generated by org.testng.reporters.JUnitReportReporter -->
<testsuite hostname="thu-alkfl" failures="0" tests="6" name="FirstClass" time="١٠.٧١٩" errors="0" timestamp="٢٠٢٥-٠٤-١٧T٢١:١٢:٠٦ EET" skipped="1">
  <testcase classname="FirstClass" name="login" time="٣.١٧٤"/>
  <testcase classname="FirstClass" name="addAllItemsToTheCart" time="٠.٢٠٩"/>
  <testcase classname="FirstClass" name="removeAllItemsFromTheCart" time="٣.١٩٢"/>
  <testcase classname="FirstClass" name="ignoreTheItemsNamesThatsEndWithT" time="٠.٠٤٧"/>
  <testcase classname="FirstClass" name="logout" time="٤.٠٩٧"/>
  <testcase classname="FirstClass" name="getFirstLetterOfEachItem">
    <skipped/>
  </testcase> <!-- getFirstLetterOfEachItem -->
</testsuite> <!-- FirstClass -->
