<?xml version="1.0" encoding="UTF-8"?>
<!-- Generated by org.testng.reporters.JUnitReportReporter -->
<testsuite hostname="thu-alkfl" failures="0" tests="3" name="SecondTest" time="١١.٣٥٣" errors="0" timestamp="٢٠٢٥-٠٤-١٣T٢١:١٣:٤٩ EET" skipped="0">
  <testcase classname="SecondTest" name="login" time="٣.٤٩٩"/>
  <testcase classname="SecondTest" name="navigateToPIM" time="٤.٦٥٤"/>
  <testcase classname="SecondTest" name="addNewEmployee" time="٣.٢٠٠"/>
</testsuite> <!-- SecondTest -->
