<?xml version="1.0" encoding="UTF-8"?>
<!-- Generated by org.testng.reporters.JUnitReportReporter -->
<testsuite hostname="thu-alkfl" failures="0" tests="3" name="SecondTest" time="٩.٩٦٠" errors="0" timestamp="٢٠٢٥-٠٤-١٤T٢١:٤٣:٥٠ EET" skipped="0">
  <testcase classname="SecondTest" name="login" time="٢.١٧٢"/>
  <testcase classname="SecondTest" name="navigateToPIM" time="٤.٦٤٤"/>
  <testcase classname="SecondTest" name="addNewEmployee" time="٣.١٤٤"/>
</testsuite> <!-- SecondTest -->
