<?xml version="1.0" encoding="UTF-8"?>
<!-- Generated by org.testng.reporters.JUnitReportReporter -->
<testsuite hostname="thu-alkfl" failures="0" tests="6" name="FirstClass" time="١٠.٧٣٤" errors="0" timestamp="٢٠٢٥-٠٤-١٩T١٥:٥٨:٣٤ EET" skipped="1">
  <testcase classname="FirstClass" name="login" time="٣.١٨٤"/>
  <testcase classname="FirstClass" name="addAllItemsToTheCart" time="٠.٢٢١"/>
  <testcase classname="FirstClass" name="removeAllItemsFromTheCart" time="٣.١٨٧"/>
  <testcase classname="FirstClass" name="ignoreTheItemsNamesThatsEndWithT" time="٠.٠٤٨"/>
  <testcase classname="FirstClass" name="logout" time="٤.٠٩٤"/>
  <testcase classname="FirstClass" name="getFirstLetterOfEachItem">
    <skipped/>
  </testcase> <!-- getFirstLetterOfEachItem -->
</testsuite> <!-- FirstClass -->
