<?xml version="1.0" encoding="UTF-8"?>
<!-- Generated by org.testng.reporters.JUnitReportReporter -->
<testsuite hostname="thu-alkfl" failures="0" tests="5" name="FirstClass" time="١٠.٧١٨" errors="0" timestamp="٢٠٢٥-٠٤-١٦T٢١:٥٢:٢٠ EET" skipped="0">
  <testcase classname="FirstClass" name="login" time="٣.١٨٣"/>
  <testcase classname="FirstClass" name="addAllItemsToTheCart" time="٠.١٨٨"/>
  <testcase classname="FirstClass" name="removeAllItemsFromTheCart" time="٣.١٨١"/>
  <testcase classname="FirstClass" name="getFirstLetterOfEachItem" time="٠.٠٤٩"/>
  <testcase classname="FirstClass" name="logout" time="٤.١١٧"/>
</testsuite> <!-- FirstClass -->
